INFO - main.py - 2026-02-26 18:44:04,408 - Argument acc_rate: 8
INFO - main.py - 2026-02-26 18:44:04,408 - Argument acs_lines: 24
INFO - main.py - 2026-02-26 18:44:04,408 - Argument cg_iter: 10
INFO - main.py - 2026-02-26 18:44:04,409 - Argument config: 'fast_mri_320.yml'
INFO - main.py - 2026-02-26 18:44:04,443 - Argument data_type: 'AXT1PRE'
INFO - main.py - 2026-02-26 18:44:04,443 - Argument deg: 'fast_mri'
INFO - main.py - 2026-02-26 18:44:04,443 - Argument deltas: '0.5,7.0,6.0,3.5'
INFO - main.py - 2026-02-26 18:44:04,443 - Argument device_ids: 0
INFO - main.py - 2026-02-26 18:44:04,443 - Argument exp: 'exp'
INFO - main.py - 2026-02-26 18:44:04,443 - Argument gamma: 0.1
INFO - main.py - 2026-02-26 18:44:04,444 - Argument iN: 50
INFO - main.py - 2026-02-26 18:44:04,444 - Argument image_folder: 'exp/image_samples/AXT1PRE-ACC_8-equidistant-iN_50-gamma_0.1-deltas_0.5,7.0,6.0,3.5-kappas_1.0,2.5-rho_-3.0-mu_0.9-cg_10-expname'
INFO - main.py - 2026-02-26 18:44:04,444 - Argument kappas: '1.0,2.5'
INFO - main.py - 2026-02-26 18:44:04,444 - Argument model_ckpt: 'fast_mri/ema_0.9999432189950708_1050000_cm_brain.pt'
INFO - main.py - 2026-02-26 18:44:04,444 - Argument mu: 0.9
INFO - main.py - 2026-02-26 18:44:04,444 - Argument ni: True
INFO - main.py - 2026-02-26 18:44:04,444 - Argument pattern: 'equidistant'
INFO - main.py - 2026-02-26 18:44:04,445 - Argument rho: -3.0
INFO - main.py - 2026-02-26 18:44:04,445 - Argument save_observed_img: True
INFO - main.py - 2026-02-26 18:44:04,445 - Argument seed: 1234
INFO - main.py - 2026-02-26 18:44:04,445 - Argument subset_end: -1
INFO - main.py - 2026-02-26 18:44:04,446 - Argument subset_start: -1
INFO - main.py - 2026-02-26 18:44:04,446 - Argument verbose: 'info'
INFO - main.py - 2026-02-26 18:44:05,113 - Using device: cuda:0
ERROR - main.py - 2026-02-26 18:44:10,321 - Traceback (most recent call last):
  File "/home/range6-raid17/merve-data/CM-RED/main.py", line 144, in main
    runner.sample(logger)
  File "/home/range6-raid17/merve-data/CM-RED/guided_diffusion/diffusion_cm_red.py", line 72, in sample
    model = create_model(**config_dict)
            ^^^^^^^^^^^^^^^^^^^^^^^^^^^
  File "/home/range6-raid17/merve-data/CM-RED/guided_diffusion/script_util.py", line 108, in create_model
    return UNetModel(
           ^^^^^^^^^^
  File "/home/range6-raid17/merve-data/CM-RED/guided_diffusion/unet.py", line 671, in __init__
    AttentionBlock(
  File "/home/range6-raid17/merve-data/CM-RED/guided_diffusion/unet.py", line 296, in __init__
    self.attention = QKVAttentionLegacy(self.num_heads)
                     ^^^^^^^^^^^^^^^^^^^^^^^^^^^^^^^^^^
  File "/home/range6-raid17/merve-data/CM-RED/guided_diffusion/unet.py", line 406, in __init__
    from einops import rearrange
ModuleNotFoundError: No module named 'einops'

